<?xml version="1.0" encoding="UTF-8"?>
<!-- Generated by org.testng.reporters.JUnitReportReporter -->
<testsuite hostname="LIN51010313" failures="0" tests="4" name="tests.implementation.HomePageTests" time="22.643" errors="0" timestamp="2022-11-15T21:29:08 IST" skipped="0">
  <testcase classname="tests.implementation.HomePageTests" name="verifyLoginWithCorrectCredentials" time="2.775"/>
  <system-out/>
  <testcase classname="tests.implementation.HomePageTests" name="verifyOpeningOfCheckingAccount" time="9.397"/>
  <system-out/>
  <testcase classname="tests.implementation.HomePageTests" name="verifyOpeningOfSavingAccount" time="4.804"/>
  <system-out/>
  <testcase classname="tests.implementation.HomePageTests" name="verifyBillPaymentAndAccountBalance" time="5.667"/>
  <system-out/>
</testsuite> <!-- tests.implementation.HomePageTests -->
